-7.939146
-8.073442
-10.021887
-8.639813
-9.113758
-9.078643
-9.694131
-7.706718
-9.736856
-8.482381
-9.837842
-6.447678
-10.609246
-7.797820
-7.452059
-8.568364
-7.805360
-3.131158
-9.663337
-9.095162
-9.788715
-8.679103
-8.298860
-9.905429
-6.620227
-7.799467
-12.393307
-7.503140
-6.325324
-4.410309
-8.726728
-10.186578
-8.305367
-8.215659
-5.111414
-8.326226
-8.113617
-10.498133
-5.517291
-6.810273
-5.266302
-7.903269
-7.764702
-8.983962
-6.196677
-11.644551
-7.336136
-7.796657
-9.258095
-7.450704
-10.917009
-9.984694
-10.524678
-7.114743
-8.894520
-9.539815
-10.215777
-9.848339
-7.473808
-7.228464
-12.883290
-10.316010
-10.113493
-7.678269
-7.807905
-8.889400
-6.344554
-9.736538
-15.540364
-7.694244
-9.576856
-4.366607
-7.120105
-6.934443
-11.143263
-5.216586
-9.049936
-6.119571
-8.120152
-9.598418
-9.994660
-9.515521
-9.109413
-9.281807
-7.744336
-7.361717
-6.891484
-8.749695
-5.237670
-8.348837
-7.066761
-9.266301
-8.721036
-6.283855
-9.024285
-9.056455
-7.657254
-7.684204
-12.982415
-9.185797
-9.910268
-13.793645
-11.307137
-7.667191
-8.289825
-5.944952
-8.512444
-8.705768
-8.731847
-8.762031
-9.488294
-9.268253
-9.108729
-7.553172
-9.776671
-9.108014
-12.437601
-9.221258
-8.387424
-4.084796
-9.417794
-13.008316
-11.286716
-8.015312
-8.335759
-7.422136
-10.947782
-3.831461
-8.990384
-10.075319
-6.586442
-5.979380
-9.465308
-10.065237
-6.543858
-8.173634
-5.579591
-9.828660
-7.834737
-9.491705
-7.980198
-10.325850
-4.549646
-4.916284
-7.945132
-7.522693
-3.487050
-6.909457
-10.842734
-8.112776
-6.739278
-6.442437
-5.380547
-7.133512
-11.505407
-6.944247
-9.070822
-8.378897
-8.640017
-7.685344
-6.272000
-9.438701
-7.772774
-9.055694
-9.760503
-9.512383
-7.981680
-8.028942
-3.996152
-7.900486
-7.004634
-7.738789
-9.828453
-4.942046
-7.829848
-5.095087
-5.919655
-11.241521
-9.838131
-8.386891
-4.770308
-10.845723
-10.172462
-5.361157
-10.705050
-5.469721
-7.904223
-6.360215
-11.441018
-10.399129
-7.735886
-11.084715
-10.661757
-8.333962
-10.572130
-10.649024
-9.931413
-6.697701
-9.959538
-11.546455
-7.452118
-8.739010
-6.855750
-8.262270
-8.475282
-10.499397
-7.535542
-8.728849
-11.748053
-8.927237
-8.584306
-7.579333
-9.238369
-6.221754
-5.113269
-5.580727
-6.431659
-4.710209
-7.580451
-8.504866
-10.042484
-10.809391
-7.797665
-10.526565
-10.959063
-7.527548
-7.879907
-11.025002
-6.987844
-9.618653
-12.224525
-7.898688
-11.091464
-8.343450
-13.377426
-7.901133
-6.161891
-7.706399
-9.325647
-6.751535
-10.933413
-11.632490
-8.955966
-6.892702
-8.957592
-6.996950
-6.263811
-5.773737
-9.402014
-11.608171
-6.626170
-9.610952
-11.482541
-8.084099
-7.357714
-7.739258
-6.010077
-8.574644
-10.786694
-8.409390
-10.143167
-7.337968
-8.571130
-9.669410
-8.943529
-10.867785
-6.709486
-7.495897
-11.858461
-5.313786
-10.889472
-12.243705
-6.445279
-9.620630
-7.909131
-7.474414
-4.970130
-7.922346
-8.062151
-9.193243
-6.955236
-10.747227
-9.867374
-9.953396
-6.366800
-7.771532
-5.632569
-9.617498
-11.393357
-7.300899
-6.498896
-9.018712
-6.379415
-9.423524
-11.777756
-7.922792
-10.259220
-5.179517
-9.287463
-5.841697
-8.250340
-9.866455
-9.382094
-9.116584
-6.063569
-10.321048
-9.316848
-6.958984
-10.065457
-12.316012
-6.116462
-9.371371
-9.409467
-8.784769
-6.364897
-5.757162
-9.744366
-7.513898
-9.078322
-9.511996
-10.584302
-3.096072
-9.140656
-8.769872
-10.810517
-6.269576
-9.112121
-9.918923
-6.997022
-8.975896
-6.414454
-11.430362
-4.467359
-11.778621
-10.496455
-5.759354
-5.455969
-6.451117
-6.212153
-9.547297
-4.729663
-7.740382
-9.182229
-8.097615
-10.099483
-12.062628
-9.795312
-5.113049
-7.516279
-8.089721
-6.696958
-6.538779
-6.557627
-8.628280
-7.693233
-8.851324
-8.361393
-7.997789
-6.552363
-7.138700
-7.555020
-4.806991
-7.296723
-9.810179
-8.894607
-9.554744
-9.504760
-6.444325
-8.224004
-7.520946
-9.573258
-6.218501
-8.192645
-8.548889
-10.730882
-7.633049
-7.797384
-8.632082
-8.210101
-6.392462
-9.536389
-9.779935
-5.319346
-7.167410
-8.432387
-6.943596
-6.732316
-10.291694
-9.056002
-7.735395
-10.615923
-13.716813
-3.964078
-6.144287
-8.612690
-5.566785
-3.619941
-6.940284
-9.633621
-8.407228
-7.744868
-8.512509
-10.056879
-10.956099
-8.844882
-5.548878
-7.058723
-8.572184
-8.823681
-7.779183
-8.939862
-7.515802
-6.733767
-10.326150
-8.481834
-8.617920
-11.122334
-8.403138
-9.619600
-6.364836
-9.780737
-8.888729
-7.911960
-10.179553
-10.429117
-8.184704
-9.057256
-5.118309
-8.256035
-9.395943
-13.073217
-9.908467
-7.714054
-10.475363
-7.833624
-8.427261
-7.700935
-6.783203
-8.709456
-11.466251
-8.658518
-9.368494
-11.295916
-9.747301
-12.822104
-5.624367
-11.268008
-9.477216
-9.659936
-10.818346
-9.043105
-13.878216
-10.619115
-7.785536
-9.660016
-13.517551
-6.997034
-8.245059
-9.151083
-6.809280
-8.670836
-6.563216
-5.962844
-5.808080
-6.161819
-7.275743
-10.343069
-5.806100
-6.910136
-8.840893
-5.674076
-8.743204
-8.868210
-6.486229
-11.594055
-8.835735
-5.324728
-8.893311
-9.972713
-6.733167
-12.110756
-9.131114
-7.827783
-8.027453
-7.449482
-8.428075
-6.695689
-7.595584
-9.179326
-6.878870
-6.188910
-8.973272
-11.630761
-8.316870
-7.402605
-8.236517
-7.462765
-8.702058
-8.080127
-6.878482
-8.261329
-9.408298
-8.917819
-9.325773
-10.373025
-10.630104
-9.433702
-9.145769
-14.522687
-7.909178
-9.344422
-8.288460
-7.824356
-7.402382
-11.555053
-6.099070
-8.178439
-8.231711
-8.164294
-7.542272
-10.212120
-7.391974
-6.896016
-9.105755
-6.073535
-10.471400
-10.119884
-11.153860
-9.620442
-12.792146
-6.282356
-9.079396
-8.271049
-8.454622
-10.571399
-12.233200
-10.398921
-11.308552
-8.387697
-5.820968
-8.691175
-5.989788
-10.415976
-8.523253
-7.332456
-9.311591
-7.924270
-12.125113
-9.908422
-6.367696
-4.270049
-7.816771
-7.299706
-8.635584
-7.153966
-12.265519
-7.751185
-12.355218
-11.063807
-9.384684
-6.817378
-9.447073
-6.951629
-4.031672
-8.892663
-10.212114
-12.588044
-8.887477
-9.227314
-7.992448
-9.761889
-7.787222
-8.729934
-7.450773
-6.934657
-9.024716
-7.824388
-7.657193
-7.827839
-8.565649
-9.364431
-8.479501
-6.958884
-8.523370
-7.923571
-7.745999
-11.319927
-6.118134
-4.604419
-11.102649
-9.819510
-7.152808
-8.706722
-11.898281
-6.698971
-6.420995
-4.704853
-7.809745
-8.271341
-7.154826
-8.951107
-11.670918
-9.289490
-10.794236
-9.556971
-13.667552
-10.489354
-5.554608
-5.836318
-5.557731
-4.042325
-8.739058
-9.076769
-8.957628
-5.715217
-9.994031
-10.030925
-8.691048
-6.731701
-6.839818
-10.699632
-10.243624
-7.727989
-9.708387
-6.842936
-8.224399
-7.983094
-11.061865
-10.694239
-5.845561
-7.456241
-5.956246
-7.933075
-9.931645
-5.471145
-6.714113
-7.986156
-9.135578
-8.735133
-7.419147
-3.741416
-7.078928
-12.331394
-5.158040
-9.324038
-9.174136
-8.206397
-10.293079
-10.365916
-7.609545
-9.425385
-5.930930
-10.073297
-8.947064
-3.476050
-7.715898
-7.728912
-8.799946
-7.253384
-7.788063
-7.949125
-7.884586
-12.300707
-9.126008
-12.070496
-7.716987
-8.389128
-10.185168
-3.312132
-5.875175
-7.617816
-8.356827
-10.045470
-7.575448
-8.481739
-7.844187
-6.161902
-7.998354
-8.343669
-9.834583
-11.800971
-10.285561
-11.798599
-7.778440
-5.969106
-8.741651
-10.945489
-5.539418
-8.599000
-10.231550
-6.682694
-5.463796
-8.594892
-8.909114
-8.000372
-6.111729
-16.452051
-7.544290
-12.712875
-7.300920
-8.081562
-12.099336
-10.448438
-5.773785
-6.880441
-8.378088
-7.406698
-7.468870
-11.500438
-5.959144
-11.905147
-10.285668
-10.589786
-8.011873
-6.312414
-10.491272
-6.966874
-9.070558
-8.739644
-7.474069
-6.504872
-9.884637
-12.552363
-6.672875
-13.200380
-5.417004
-8.916471
-5.708631
-8.908128
-6.896063
-8.800167
-8.259704
-7.964654
-9.612406
-10.452123
-4.385468
-9.369319
-13.310893
-9.243230
-9.386550
-10.977769
-14.560276
-3.653071
-5.489729
-8.230786
-9.722924
-7.725490
-9.604289
-10.695877
-9.131165
-7.240341
-5.798921
-7.980843
-8.506387
-10.748638
-8.015986
-9.142296
-10.446579
-6.684022
-9.012610
-5.833608
-7.871694
-6.715548
-6.159094
-5.763295
-8.140939
-6.212011
-6.520531
-7.881332
-10.779969
-8.013202
-11.402544
-9.879732
-8.803320
-5.832406
-8.105690
-7.540580
-6.926108
-7.822016
-11.099055
-9.465915
-7.865548
-13.440223
-9.878565
-7.566587
-9.651096
-6.687112
-8.850189
-8.012822
-11.100486
-7.459240
-7.511564
-4.526679
-7.593644
-10.191501
-5.477004
-9.979400
-9.209356
-7.073038
-10.950040
-6.856378
-5.363936
-5.798694
-8.401587
-11.142839
-10.810043
-8.596829
-9.632230
-9.551503
-7.007926
-9.253387
-5.953354
-7.737953
-6.108915
-5.473669
-6.205240
-5.852534
-9.328749
-10.005181
-10.940808
-10.835979
-9.956107
-9.298376
-5.690829
-9.253734
-8.049900
-7.822800
-8.207274
-9.102859
-11.757870
-6.776472
-10.171432
-8.452178
-9.945297
-5.600732
-8.293985
-8.671293
-8.676539
-5.397226
-9.020195
-9.813823
-9.515635
-10.315197
-10.227127
-12.584650
-5.485054
-8.797750
-5.757926
-6.791528
-10.442523
-6.982814
-9.814510
-7.749536
-6.932903
-11.631744
-11.102997
-7.491111
-7.436512
-9.532095
-6.068188
-6.284453
-11.867043
-11.813209
-8.309963
-8.521794
-9.262869
-4.569902
-6.468743
-8.745977
-7.935369
-3.200254
-8.606829
-6.926861
-8.074860
-9.857037
-8.747112
-7.308619
-5.479359
-9.726897
-7.339132
-7.826017
-9.120254
-7.832026
-14.304340
-7.428383
-5.755540
-7.600699
-4.795393
-9.577912
-5.016893
-11.228826
-11.686634
-16.008434
-8.461389
-8.599890
-13.965228
-7.625568
-8.976013
-9.932070
-5.752539
-9.287577
-9.019252
-6.417824
-8.623733
-9.585626
-6.840408
-6.748522
-9.149969
-8.971392
-7.507202
-10.843019
-7.004515
-7.850278
-5.882043
-10.874900
-7.426711
-7.758072
-8.614397
-13.332850
-7.719885
-8.283879
-8.756863
-7.060803
-8.443571
-6.146620
-7.689902
-8.974458
-7.858313
-7.602093
-10.009657
-8.742236
-6.296180
-8.661687
-10.868914
-6.741465
-7.359738
-13.273483
-8.570511
-9.896242
-7.357135
-10.534596
-4.792640
-5.163489
-5.408618
-11.298905
-11.060060
-8.475368
-5.434951
-12.546743
-8.211208
-9.515265
-8.274886
-7.961723
-11.239053
-8.518003
-8.951267
-8.474021
-12.818434
-7.004784
-6.126341
-9.234321
-9.812423
-5.396318
-10.249215
-5.413961
-6.067651
-9.627598
-6.678022
-8.622658
-6.152317
-7.200634
-10.073709
-6.381861
-8.986515
-16.798845
-10.024784
-9.367999
-8.740898
-9.922545
-6.441384
-8.991818
-6.548048
-8.301138
-8.771666
-3.765362
-9.636736
-14.776891
-8.400571
-8.709382
-7.572859
-6.899902
-12.278136
-8.439964
-10.794012
-11.066318
