                                 Started job on |	Dec 06 10:21:44
                             Started mapping on |	Dec 06 10:22:12
                                    Finished on |	Dec 06 11:07:48
       Mapping speed, Million of reads per hour |	83.67

                          Number of input reads |	63585872
                      Average input read length |	51
                                    UNIQUE READS:
                   Uniquely mapped reads number |	40615654
                        Uniquely mapped reads % |	63.88%
                          Average mapped length |	49.67
                       Number of splices: Total |	5061421
            Number of splices: Annotated (sjdb) |	4967587
                       Number of splices: GT/AG |	4990390
                       Number of splices: GC/AG |	43085
                       Number of splices: AT/AC |	6914
               Number of splices: Non-canonical |	21032
                      Mismatch rate per base, % |	0.94%
                         Deletion rate per base |	0.01%
                        Deletion average length |	1.46
                        Insertion rate per base |	0.01%
                       Insertion average length |	1.21
                             MULTI-MAPPING READS:
        Number of reads mapped to multiple loci |	10919497
             % of reads mapped to multiple loci |	17.17%
        Number of reads mapped to too many loci |	997391
             % of reads mapped to too many loci |	1.57%
                                  UNMAPPED READS:
  Number of reads unmapped: too many mismatches |	0
       % of reads unmapped: too many mismatches |	0.00%
            Number of reads unmapped: too short |	9608959
                 % of reads unmapped: too short |	15.11%
                Number of reads unmapped: other |	1444371
                     % of reads unmapped: other |	2.27%
                                  CHIMERIC READS:
                       Number of chimeric reads |	0
                            % of chimeric reads |	0.00%
